'wayne.chen@pingcap.com',
'shigeyuki.fujishima@pingcap.com',
'xiaopeng.zhu@pingcap.com',
'yejunchen@pingcap.com',
'zhangxian.xu@pingcap.com',
'wentao.zhang@pingcap.com',
'hanwei@pingcap.com',
'weigao.zheng@pingcap.com',
'lizhonglei@pingcap.com',
'sean.cooper@pingcap.com',
'xu.ma@pingcap.com',
'yangxin@pingcap.com',
'feran.morgan@pingcap.com',
'jianghongmei@pingcap.com',
'mashenjun@pingcap.com',
'qi.xu@pingcap.com',
'daniel.kasak@pingcap.com',
'keiko.takahama@pingcap.com',
'shanghao.zheng@pingcap.com',
'hu.guo@pingcap.com',
'yangfei@pingcap.com',
'lichunzhu@pingcap.com',
'liangzhiyuan@pingcap.com',
'yunjie.xiao@pingcap.com',
'jiangyongbo@pingcap.com',
'zhengyangli@pingcap.com',
'xiao.ma@pingcap.com',
'yuanrui.cai@pingcap.com',
'qiaolin.yu@pingcap.com',
'shenjing.zhao@pingcap.com',
'zhoushuai@pingcap.com',
'duyuelin@pingcap.com',
'jie.ni@pingcap.com',


'wayne.chen@pingcap.com',
'shigeyuki.fujishima@pingcap.com',
'xiaopeng.zhu@pingcap.com',
'yejunchen@pingcap.com',
'zhangxian.xu@pingcap.com',
'wentao.zhang@pingcap.com',
'hanwei@pingcap.com',
'weigao.zheng@pingcap.com',
'lizhonglei@pingcap.com',
'sean.cooper@pingcap.com',
'xu.ma@pingcap.com',
'yangxin@pingcap.com',
'feran.morgan@pingcap.com',
'jianghongmei@pingcap.com',
'mashenjun@pingcap.com',
'qi.xu@pingcap.com',
'daniel.kasak@pingcap.com',
'keiko.takahama@pingcap.com',
'shanghao.zheng@pingcap.com',
'hu.guo@pingcap.com',
'yangfei@pingcap.com',
'lichunzhu@pingcap.com',
'liangzhiyuan@pingcap.com',
'yunjie.xiao@pingcap.com',
'jiangyongbo@pingcap.com',
'zhengyangli@pingcap.com',
'xiao.ma@pingcap.com',
'yuanrui.cai@pingcap.com',
'qiaolin.yu@pingcap.com',
'shenjing.zhao@pingcap.com',
'zhoushuai@pingcap.com',
'duyuelin@pingcap.com',
'jie.ni@pingcap.com'